This is pdfTeX, Version 3.141592653-2.6-1.40.22 (TeX Live 2022/dev/Debian) (preloaded format=pdflatex 2022.8.17)  26 OCT 2023 15:29
entering extended mode
 restricted \write18 enabled.
 %&-line parsing enabled.
**lista2.tex
(./lista2.tex
LaTeX2e <2021-11-15> patch level 1
L3 programming layer <2022-01-21>
(/usr/share/texlive/texmf-dist/tex/latex/base/article.cls
Document Class: article 2021/10/04 v1.4n Standard LaTeX document class
(/usr/share/texlive/texmf-dist/tex/latex/base/size12.clo
File: size12.clo 2021/10/04 v1.4n Standard LaTeX file (size option)
)
\c@part=\count185
\c@section=\count186
\c@subsection=\count187
\c@subsubsection=\count188
\c@paragraph=\count189
\c@subparagraph=\count190
\c@figure=\count191
\c@table=\count192
\abovecaptionskip=\skip47
\belowcaptionskip=\skip48
\bibindent=\dimen138
)
(/usr/share/texlive/texmf-dist/tex/latex/base/fontenc.sty
Package: fontenc 2021/04/29 v2.0v Standard LaTeX package
)
(/usr/share/texlive/texmf-dist/tex/generic/babel/babel.sty
Package: babel 2022/01/26 3.70 The Babel package
\babel@savecnt=\count193
\U@D=\dimen139
\l@unhyphenated=\language87

(/usr/share/texlive/texmf-dist/tex/generic/babel/txtbabel.def)
\bbl@readstream=\read2
\bbl@dirlevel=\count194

(/usr/share/texlive/texmf-dist/tex/generic/babel-portuges/portuguese.ldf
Language: portuges 2021/07/09 v1.2t Portuguese support from the babel system
Package babel Info: Making " an active character on input line 143.
))
(/usr/share/texlive/texmf-dist/tex/latex/graphics/graphicx.sty
Package: graphicx 2021/09/16 v1.2d Enhanced LaTeX Graphics (DPC,SPQR)

(/usr/share/texlive/texmf-dist/tex/latex/graphics/keyval.sty
Package: keyval 2014/10/28 v1.15 key=value parser (DPC)
\KV@toks@=\toks16
)
(/usr/share/texlive/texmf-dist/tex/latex/graphics/graphics.sty
Package: graphics 2021/03/04 v1.4d Standard LaTeX Graphics (DPC,SPQR)

(/usr/share/texlive/texmf-dist/tex/latex/graphics/trig.sty
Package: trig 2021/08/11 v1.11 sin cos tan (DPC)
)
(/usr/share/texlive/texmf-dist/tex/latex/graphics-cfg/graphics.cfg
File: graphics.cfg 2016/06/04 v1.11 sample graphics configuration
)
Package graphics Info: Driver file: pdftex.def on input line 107.

(/usr/share/texlive/texmf-dist/tex/latex/graphics-def/pdftex.def
File: pdftex.def 2020/10/05 v1.2a Graphics/color driver for pdftex
))
\Gin@req@height=\dimen140
\Gin@req@width=\dimen141
)
(/usr/share/texlive/texmf-dist/tex/latex/float/float.sty
Package: float 2001/11/08 v1.3d Float enhancements (AL)
\c@float@type=\count195
\float@exts=\toks17
\float@box=\box50
\@float@everytoks=\toks18
\@floatcapt=\box51
)
(/usr/share/texlive/texmf-dist/tex/latex/pythonhighlight/pythonhighlight.sty
Package: pythonhighlight 2017/02/09 python code highlighting; provided by Olivi
er Verdier <olivier.verdier@gmail.com>

(/usr/share/texlive/texmf-dist/tex/latex/listings/listings.sty
\lst@mode=\count196
\lst@gtempboxa=\box52
\lst@token=\toks19
\lst@length=\count197
\lst@currlwidth=\dimen142
\lst@column=\count198
\lst@pos=\count199
\lst@lostspace=\dimen143
\lst@width=\dimen144
\lst@newlines=\count266
\lst@lineno=\count267
\lst@maxwidth=\dimen145

(/usr/share/texlive/texmf-dist/tex/latex/listings/lstmisc.sty
File: lstmisc.sty 2020/03/24 1.8d (Carsten Heinz)
\c@lstnumber=\count268
\lst@skipnumbers=\count269
\lst@framebox=\box53
)
(/usr/share/texlive/texmf-dist/tex/latex/listings/listings.cfg
File: listings.cfg 2020/03/24 1.8d listings configuration
))
Package: listings 2020/03/24 1.8d (Carsten Heinz)

(/usr/share/texlive/texmf-dist/tex/latex/xcolor/xcolor.sty
Package: xcolor 2021/10/31 v2.13 LaTeX color extensions (UK)

(/usr/share/texlive/texmf-dist/tex/latex/graphics-cfg/color.cfg
File: color.cfg 2016/01/02 v1.6 sample color configuration
)
Package xcolor Info: Driver file: pdftex.def on input line 227.
Package xcolor Info: Model `cmy' substituted by `cmy0' on input line 1352.
Package xcolor Info: Model `hsb' substituted by `rgb' on input line 1356.
Package xcolor Info: Model `RGB' extended on input line 1368.
Package xcolor Info: Model `HTML' substituted by `rgb' on input line 1370.
Package xcolor Info: Model `Hsb' substituted by `hsb' on input line 1371.
Package xcolor Info: Model `tHsb' substituted by `hsb' on input line 1372.
Package xcolor Info: Model `HSB' substituted by `hsb' on input line 1373.
Package xcolor Info: Model `Gray' substituted by `gray' on input line 1374.
Package xcolor Info: Model `wave' substituted by `hsb' on input line 1375.
))
(/usr/share/texlive/texmf-dist/tex/latex/l3backend/l3backend-pdftex.def
File: l3backend-pdftex.def 2022-01-12 L3 backend support: PDF output (pdfTeX)
\l__color_backend_stack_int=\count270
\l__pdf_internal_box=\box54
)
(./lista2.aux

LaTeX Warning: Label `y2' multiply defined.


LaTeX Warning: Label `y2' multiply defined.

)
\openout1 = `lista2.aux'.

LaTeX Font Info:    Checking defaults for OML/cmm/m/it on input line 11.
LaTeX Font Info:    ... okay on input line 11.
LaTeX Font Info:    Checking defaults for OMS/cmsy/m/n on input line 11.
LaTeX Font Info:    ... okay on input line 11.
LaTeX Font Info:    Checking defaults for OT1/cmr/m/n on input line 11.
LaTeX Font Info:    ... okay on input line 11.
LaTeX Font Info:    Checking defaults for T1/cmr/m/n on input line 11.
LaTeX Font Info:    ... okay on input line 11.
LaTeX Font Info:    Checking defaults for TS1/cmr/m/n on input line 11.
LaTeX Font Info:    ... okay on input line 11.
LaTeX Font Info:    Checking defaults for OMX/cmex/m/n on input line 11.
LaTeX Font Info:    ... okay on input line 11.
LaTeX Font Info:    Checking defaults for U/cmr/m/n on input line 11.
LaTeX Font Info:    ... okay on input line 11.
 (/usr/share/texlive/texmf-dist/tex/context/base/mkii/supp-pdf.mkii
[Loading MPS to PDF converter (version 2006.09.02).]
\scratchcounter=\count271
\scratchdimen=\dimen146
\scratchbox=\box55
\nofMPsegments=\count272
\nofMParguments=\count273
\everyMPshowfont=\toks20
\MPscratchCnt=\count274
\MPscratchDim=\dimen147
\MPnumerator=\count275
\makeMPintoPDFobject=\count276
\everyMPtoPDFconversion=\toks21
) (/usr/share/texlive/texmf-dist/tex/latex/epstopdf-pkg/epstopdf-base.sty
Package: epstopdf-base 2020-01-24 v2.11 Base part for package epstopdf
Package epstopdf-base Info: Redefining graphics rule for `.eps' on input line 4
85.

(/usr/share/texlive/texmf-dist/tex/latex/latexconfig/epstopdf-sys.cfg
File: epstopdf-sys.cfg 2010/07/13 v1.3 Configuration of (r)epstopdf for TeX Liv
e
))
\c@lstlisting=\count277
LaTeX Font Info:    External font `cmex10' loaded for size
(Font)              <14.4> on input line 12.
LaTeX Font Info:    External font `cmex10' loaded for size
(Font)              <7> on input line 12.

[1

{/var/lib/texmf/fonts/map/pdftex/updmap/pdftex.map}]
(/usr/share/texlive/texmf-dist/tex/latex/listings/lstlang1.sty
File: lstlang1.sty 2020/03/24 1.8d listings language file
)
LaTeX Font Info:    Trying to load font information for T1+cmtt on input line 1
7.

(/usr/share/texlive/texmf-dist/tex/latex/base/t1cmtt.fd
File: t1cmtt.fd 2019/12/16 v2.5j Standard LaTeX font definitions
)
LaTeX Font Info:    External font `cmex10' loaded for size
(Font)              <12> on input line 26.
LaTeX Font Info:    External font `cmex10' loaded for size
(Font)              <8> on input line 26.
LaTeX Font Info:    External font `cmex10' loaded for size
(Font)              <6> on input line 26.
<lista2-1c.png, id=9, 775.4571pt x 302.0886pt>
File: lista2-1c.png Graphic file (type png)
<use lista2-1c.png>
Package pdftex.def Info: lista2-1c.png  used on input line 41.
(pdftex.def)             Requested size: 350.99762pt x 136.73604pt.
<lista2-1d.png, id=11, 781.9614pt x 302.0886pt>
File: lista2-1d.png Graphic file (type png)
<use lista2-1d.png>
Package pdftex.def Info: lista2-1d.png  used on input line 63.
(pdftex.def)             Requested size: 350.99762pt x 135.5975pt.
 [2 <./lista2-1c.png>]
<lista2-1e.png, id=18, 779.7933pt x 302.0886pt>
File: lista2-1e.png Graphic file (type png)
<use lista2-1e.png>
Package pdftex.def Info: lista2-1e.png  used on input line 71.
(pdftex.def)             Requested size: 350.99762pt x 135.97548pt.
<lista2-2c.png, id=19, 776.1798pt x 302.0886pt>
File: lista2-2c.png Graphic file (type png)
<use lista2-2c.png>
Package pdftex.def Info: lista2-2c.png  used on input line 85.
(pdftex.def)             Requested size: 350.99762pt x 136.61159pt.

[3 <./lista2-1d.png> <./lista2-1e.png>]
<lista2-2d.png, id=25, 776.9025pt x 302.0886pt>
File: lista2-2d.png Graphic file (type png)
<use lista2-2d.png>
Package pdftex.def Info: lista2-2d.png  used on input line 106.
(pdftex.def)             Requested size: 350.99762pt x 136.48251pt.
<lista2-2e.png, id=26, 782.6841pt x 302.0886pt>
File: lista2-2e.png Graphic file (type png)
<use lista2-2e.png>
Package pdftex.def Info: lista2-2e.png  used on input line 114.
(pdftex.def)             Requested size: 350.99762pt x 135.47304pt.
 [4 <./lista2-2c.png> <./lista2-2d.png>]
<lista2-3c.png, id=32, 775.4571pt x 302.0886pt>
File: lista2-3c.png Graphic file (type png)
<use lista2-3c.png>
Package pdftex.def Info: lista2-3c.png  used on input line 129.
(pdftex.def)             Requested size: 350.99762pt x 136.73604pt.
<lista2-3d.png, id=33, 775.4571pt x 302.0886pt>
File: lista2-3d.png Graphic file (type png)
<use lista2-3d.png>
Package pdftex.def Info: lista2-3d.png  used on input line 150.
(pdftex.def)             Requested size: 350.99762pt x 136.73604pt.
[5 <./lista2-2e.png> <./lista2-3c.png>]
<lista2-3e.png, id=39, 779.7933pt x 302.0886pt>
File: lista2-3e.png Graphic file (type png)
<use lista2-3e.png>
Package pdftex.def Info: lista2-3e.png  used on input line 158.
(pdftex.def)             Requested size: 350.99762pt x 135.97548pt.
 [6 <./lista2-3d.png> <./lista2-3e.png>] (./lista2.aux)

LaTeX Warning: There were multiply-defined labels.

 ) 
Here is how much of TeX's memory you used:
 5207 strings out of 478287
 75911 string characters out of 5849289
 591595 words of memory out of 5000000
 23387 multiletter control sequences out of 15000+600000
 476614 words of font info for 46 fonts, out of 8000000 for 9000
 1141 hyphenation exceptions out of 8191
 55i,9n,62p,435b,1568s stack positions out of 5000i,500n,10000p,200000b,80000s
{/usr/share/texmf/fonts/enc/dvips/cm-super/cm-super-t1.enc}</usr/share/texmf/
fonts/type1/public/cm-super/sfbx1200.pfb></usr/share/texmf/fonts/type1/public/c
m-super/sfrm1200.pfb></usr/share/texmf/fonts/type1/public/cm-super/sfrm1440.pfb
></usr/share/texmf/fonts/type1/public/cm-super/sfrm2074.pfb></usr/share/texmf/f
onts/type1/public/cm-super/sftt1000.pfb>
Output written on lista2.pdf (6 pages, 281315 bytes).
PDF statistics:
 68 PDF objects out of 1000 (max. 8388607)
 31 compressed objects within 1 object stream
 0 named destinations out of 1000 (max. 500000)
 46 words of extra memory for PDF output out of 10000 (max. 10000000)

